<?xml version="1.0" encoding="UTF-8"?>
<!-- Generated by org.testng.reporters.JUnitReportReporter -->
<testsuite hostname="DESKTOP-05M6JRU" failures="0" tests="1" name="org.dataproviderlogin.Login" time="17.318" errors="0" timestamp="2025-02-14T23:36:15 IST" skipped="0">
  <testcase classname="org.dataproviderlogin.Login" name="login" time="17.318"/>
  <system-out/>
</testsuite> <!-- org.dataproviderlogin.Login -->
